0 info it worked if it ends with ok
1 verbose cli [ '/usr/local/Cellar/node/7.4.0/bin/node',
1 verbose cli   '/usr/local/bin/npm',
1 verbose cli   'run',
1 verbose cli   'lite' ]
2 info using npm@4.0.5
3 info using node@v7.4.0
4 verbose run-script [ 'prelite', 'lite', 'postlite' ]
5 info lifecycle angular-quickstart@1.0.0~prelite: angular-quickstart@1.0.0
6 silly lifecycle angular-quickstart@1.0.0~prelite: no script for prelite, continuing
7 info lifecycle angular-quickstart@1.0.0~lite: angular-quickstart@1.0.0
8 verbose lifecycle angular-quickstart@1.0.0~lite: unsafe-perm in lifecycle true
9 verbose lifecycle angular-quickstart@1.0.0~lite: PATH: /usr/local/lib/node_modules/npm/bin/node-gyp-bin:/Users/haochi/projects/angular2-web-worker/node_modules/.bin:/usr/local/bin:/usr/bin:/bin:/usr/sbin:/sbin:/Applications/Postgres.app/Contents/Versions/latest/bin:node_modules/.bin
10 verbose lifecycle angular-quickstart@1.0.0~lite: CWD: /Users/haochi/projects/angular2-web-worker
11 silly lifecycle angular-quickstart@1.0.0~lite: Args: [ '-c', 'lite-serve& karma start karma.conf.js --single-run' ]
12 silly lifecycle angular-quickstart@1.0.0~lite: Returned: code: 1  signal: null
13 info lifecycle angular-quickstart@1.0.0~lite: Failed to exec lite script
14 verbose stack Error: angular-quickstart@1.0.0 lite: `lite-serve& karma start karma.conf.js --single-run`
14 verbose stack Exit status 1
14 verbose stack     at EventEmitter.<anonymous> (/usr/local/lib/node_modules/npm/lib/utils/lifecycle.js:279:16)
14 verbose stack     at emitTwo (events.js:106:13)
14 verbose stack     at EventEmitter.emit (events.js:191:7)
14 verbose stack     at ChildProcess.<anonymous> (/usr/local/lib/node_modules/npm/lib/utils/spawn.js:40:14)
14 verbose stack     at emitTwo (events.js:106:13)
14 verbose stack     at ChildProcess.emit (events.js:191:7)
14 verbose stack     at maybeClose (internal/child_process.js:885:16)
14 verbose stack     at Process.ChildProcess._handle.onexit (internal/child_process.js:226:5)
15 verbose pkgid angular-quickstart@1.0.0
16 verbose cwd /Users/haochi/projects/angular2-web-worker
17 error Darwin 16.3.0
18 error argv "/usr/local/Cellar/node/7.4.0/bin/node" "/usr/local/bin/npm" "run" "lite"
19 error node v7.4.0
20 error npm  v4.0.5
21 error code ELIFECYCLE
22 error angular-quickstart@1.0.0 lite: `lite-serve& karma start karma.conf.js --single-run`
22 error Exit status 1
23 error Failed at the angular-quickstart@1.0.0 lite script 'lite-serve& karma start karma.conf.js --single-run'.
23 error Make sure you have the latest version of node.js and npm installed.
23 error If you do, this is most likely a problem with the angular-quickstart package,
23 error not with npm itself.
23 error Tell the author that this fails on your system:
23 error     lite-serve& karma start karma.conf.js --single-run
23 error You can get information on how to open an issue for this project with:
23 error     npm bugs angular-quickstart
23 error Or if that isn't available, you can get their info via:
23 error     npm owner ls angular-quickstart
23 error There is likely additional logging output above.
24 verbose exit [ 1, true ]
